<?xml version="1.0" encoding="UTF-8"?>
<!-- Generated by org.testng.reporters.JUnitReportReporter -->
<testsuite hostname="LAPTOP-GCNLUC01" failures="0" tests="1" name="com.obsqura.test.ManageLocationDeleteTest" time="11.611" errors="0" timestamp="2023-12-26T16:19:18 CET" skipped="0">
  <testcase classname="com.obsqura.test.ManageLocationDeleteTest" name="ManageLocationDeleteTest" time="11.611"/>
  <system-out/>
</testsuite> <!-- com.obsqura.test.ManageLocationDeleteTest -->
