<?xml version="1.0" encoding="UTF-8"?>
<!-- Generated by org.testng.reporters.JUnitReportReporter -->
<testsuite hostname="LAPTOP-GCNLUC01" failures="0" tests="1" name="com.obsqura.test.ManageLocationTest" time="33.861" errors="0" timestamp="2023-12-26T16:19:18 CET" skipped="0">
  <testcase classname="com.obsqura.test.ManageLocationTest" name="ManageLocationTest" time="33.861"/>
  <system-out/>
</testsuite> <!-- com.obsqura.test.ManageLocationTest -->
