<?xml version="1.0" encoding="UTF-8"?>
<!-- Generated by org.testng.reporters.JUnitReportReporter -->
<testsuite hostname="LAPTOP-GCNLUC01" failures="0" tests="1" name="com.obsqura.test.AdminTest" time="32.946" errors="0" timestamp="2023-12-26T16:47:23 CET" skipped="0">
  <testcase classname="com.obsqura.test.AdminTest" name="createAdmin" time="32.946"/>
  <system-out/>
</testsuite> <!-- com.obsqura.test.AdminTest -->
