<?xml version="1.0" encoding="UTF-8"?>
<!-- Generated by org.testng.reporters.JUnitReportReporter -->
<testsuite hostname="LAPTOP-GCNLUC01" failures="0" tests="7" name="com.obsqura.test.LoginTest" time="93.633" errors="0" timestamp="2023-12-26T16:47:23 CET" skipped="0">
  <testcase classname="com.obsqura.test.LoginTest" name="verifyLogin" time="8.858"/>
  <system-out/>
  <testcase classname="com.obsqura.test.LoginTest" name="verifyLogin" time="21.789"/>
  <system-out/>
  <testcase classname="com.obsqura.test.LoginTest" name="verifyLogin" time="8.441"/>
  <system-out/>
  <testcase classname="com.obsqura.test.LoginTest" name="verifyLogin" time="10.062"/>
  <system-out/>
  <testcase classname="com.obsqura.test.LoginTest" name="verifyLogin" time="12.649"/>
  <system-out/>
  <testcase classname="com.obsqura.test.LoginTest" name="verifyLogin" time="15.800"/>
  <system-out/>
  <testcase classname="com.obsqura.test.LoginTest" name="verifyLogin" time="16.034"/>
  <system-out/>
</testsuite> <!-- com.obsqura.test.LoginTest -->
