<?xml version="1.0" encoding="UTF-8"?>
<!-- Generated by org.testng.reporters.JUnitReportReporter -->
<testsuite hostname="LAPTOP-GCNLUC01" failures="0" tests="1" name="com.obsqura.test.CreateDeliveryBoy" time="26.363" errors="0" timestamp="2023-12-26T05:58:56 CET" skipped="0">
  <testcase classname="com.obsqura.test.CreateDeliveryBoy" name="createDeliveryBoy" time="26.363"/>
  <system-out/>
</testsuite> <!-- com.obsqura.test.CreateDeliveryBoy -->
