<?xml version="1.0" encoding="UTF-8"?>
<!-- Generated by org.testng.reporters.JUnitReportReporter -->
<testsuite hostname="LAPTOP-GCNLUC01" failures="0" tests="2" name="com.obsqura.test.CreateDeliveryBoyUsingDataProviders" time="55.266" errors="0" timestamp="2023-12-26T05:58:56 CET" skipped="0">
  <testcase classname="com.obsqura.test.CreateDeliveryBoyUsingDataProviders" name="createDeliverytBoy" time="30.198"/>
  <system-out/>
  <testcase classname="com.obsqura.test.CreateDeliveryBoyUsingDataProviders" name="createDeliverytBoy" time="25.068"/>
  <system-out/>
</testsuite> <!-- com.obsqura.test.CreateDeliveryBoyUsingDataProviders -->
