<?xml version="1.0" encoding="UTF-8"?>
<!-- Generated by org.testng.reporters.JUnitReportReporter -->
<testsuite hostname="LAPTOP-GCNLUC01" failures="0" tests="7" name="com.obsqura.test.LoginTest" time="107.229" errors="0" timestamp="2023-12-26T05:58:56 CET" skipped="0">
  <testcase classname="com.obsqura.test.LoginTest" name="verifyLogin" time="20.575"/>
  <system-out/>
  <testcase classname="com.obsqura.test.LoginTest" name="verifyLogin" time="9.444"/>
  <system-out/>
  <testcase classname="com.obsqura.test.LoginTest" name="verifyLogin" time="21.280"/>
  <system-out/>
  <testcase classname="com.obsqura.test.LoginTest" name="verifyLogin" time="16.293"/>
  <system-out/>
  <testcase classname="com.obsqura.test.LoginTest" name="verifyLogin" time="24.159"/>
  <system-out/>
  <testcase classname="com.obsqura.test.LoginTest" name="verifyLogin" time="8.934"/>
  <system-out/>
  <testcase classname="com.obsqura.test.LoginTest" name="verifyLogin" time="6.544"/>
  <system-out/>
</testsuite> <!-- com.obsqura.test.LoginTest -->
